case: 
	x *	exp(x	) * ( 982-+(+	-196++ 6	)*exp	( 441) )^2+ +x^2 *(-	(-	+-260+-	x^6 *x+	- -68)	*x	^3)	*(x* x^ +3 *9 + -	( -x ^ 1*	-990+	x-	8 *30*x^2)	* x	*+837 + + exp	(x) *x	^	2	) +(	+ exp(+116)-	+ x ^ 2* 89+	(	+x^	5*x *	x	)	)
expect: 
9*x**16 + 200880*x**15 + x**14*exp(x) - 829467*x**14 - 2952*x**9 - 65888640*x**8 - 328*x**7*exp(x) + 272065177*x**7 - 89*x**2 + 964324*x*exp(x) + 373160*x*exp(441)*exp(x) + 36100*x*exp(882)*exp(x) + exp(116)
java_exp: 
9*x**16 + 200880*x**15 + x**14*exp(x) - 829467*x**14 - 2952*x**9 - 65888640*x**8 - 328*x**7*exp(x) + 272065177*x**7 - 89*x**2 + 1373584*x*exp(x) + exp(116)
jar_out: 
1373584*x*exp((x))+200880*x^15-65888640*x^8-829467*x^14+272065177*x^7+9*x^16-2952*x^9+x^14*exp((x))-328*x^7*exp((x))-89*x^2+exp((116))

expect_out: 
9*x^16 + 200880*x^15 + x^14*exp(x) - 829467*x^14 - 2952*x^9 - 65888640*x^8 - 328*x^7*exp(x) + 272065177*x^7 - 89*x^2 + 964324*x*exp(x) + 373160*x*exp(441)*exp(x) + 36100*x*exp(882)*exp(x) + exp(116)

case: 
	+++0 +	x+ -exp( x)*+5	* (	3*	-033 *	(--392*x ++	47	)-	x	* exp	( x	^4)--268 * exp ( 650) ^	+0	*exp	(x	^	5))
expect: 
5*x*exp(x)*exp(x**4) + 194040*x*exp(x) + x - 1340*exp(x)*exp(x**5) + 23265*exp(x)
java_exp: 
194045*x*exp(x) + x + 21925*exp(x)
jar_out: 
+194045*x*exp((x))+21925*exp((x))+x

expect_out: 
5*x*exp(x)*exp(x^4) + 194040*x*exp(x) + x - 1340*exp(x)*exp(x^5) + 23265*exp(x)

case: 
 + x*	( (-	x *x^ +0*x^ +5 ) * x ^ +5	* x+	+-332*	x+ -exp(-13	)^+1* x)	^2	*	(	-	exp(45	)^0	* exp( 662)^ +0	- +exp(x	)	^ 1*( + 634	*	x	^	3*	-1+ -	885*x ^	3	*	28	-+ +4	*-449)	) ^1+-6*+01	*+7	- +3
expect: 
25414*x**28*exp(x) - 1796*x**25*exp(x) - x**25 + 50828*x**17*exp(-13)*exp(x) + 16874896*x**17*exp(x) - 1192544*x**14*exp(x) - 3592*x**14*exp(-13)*exp(x) - 664*x**14 - 2*x**14*exp(-13) + 25414*x**6*exp(-26)*exp(x) + 16874896*x**6*exp(-13)*exp(x) + 2801232736*x**6*exp(x) - 197962304*x**3*exp(x) - 1192544*x**3*exp(-13)*exp(x) - 1796*x**3*exp(-26)*exp(x) - 110224*x**3 - 664*x**3*exp(-13) - x**3*exp(-26) - 45
java_exp: 
25414*x**28*exp(x) - 1796*x**25*exp(x) - x**25 + 16925724*x**17*exp(x) - 1192544*x**14*exp(x) - 664*x**14 - 3594*x**14*exp(-13) + 2818133046*x**6*exp(x) - 197962304*x**3*exp(x) - 110224*x**3 - 1193208*x**3*exp(-13) - 1797*x**3*exp(-26) - 45
jar_out: 
-45-x^25*exp((0))-664*x^14*exp((0))-3594*x^14*exp((-13))-110224*x^3*exp((0))-1193208*x^3*exp((-13))-1797*x^3*exp((-26))+25414*x^28*exp((x))+16925724*x^17*exp((x))+2818133046*x^6*exp((x))-1796*x^25*exp((x))-1192544*x^14*exp((x))-197962304*x^3*exp((x))

expect_out: 
25414*x^28*exp(x) - 1796*x^25*exp(x) - x^25 + 50828*x^17*exp(-13)*exp(x) + 16874896*x^17*exp(x) - 1192544*x^14*exp(x) - 3592*x^14*exp(-13)*exp(x) - 664*x^14 - 2*x^14*exp(-13) + 25414*x^6*exp(-26)*exp(x) + 16874896*x^6*exp(-13)*exp(x) + 2801232736*x^6*exp(x) - 197962304*x^3*exp(x) - 1192544*x^3*exp(-13)*exp(x) - 1796*x^3*exp(-26)*exp(x) - 110224*x^3 - 664*x^3*exp(-13) - x^3*exp(-26) - 45

case: 
 ( -+x*+111* x --307 )*(	++186*	exp	(181 )^	0+ x	-+	x* exp (x	))	^	2	
expect: 
-111*x**4*exp(2*x) + 222*x**4*exp(x) - 111*x**4 + 41292*x**3*exp(x) - 41292*x**3 + 307*x**2*exp(2*x) - 614*x**2*exp(x) - 3839849*x**2 - 114204*x*exp(x) + 114204*x + 10620972
java_exp: 
-111*x**4*exp(2*x) + 222*x**4*exp(x) - 111*x**4 + 307*x**2*exp(2*x) - 614*x**2*exp(x) - 3839849*x**2 + 10620972
jar_out: 
307*x^2-614*x^2*exp((x))+10620972*exp((0))+307*x^2*exp((2*x))-111*x^4+222*x^4*exp((x))-3840156*x^2*exp((0))-111*x^4*exp((2*x))

expect_out: 
-111*x^4*exp(2*x) + 222*x^4*exp(x) - 111*x^4 + 41292*x^3*exp(x) - 41292*x^3 + 307*x^2*exp(2*x) - 614*x^2*exp(x) - 3839849*x^2 - 114204*x*exp(x) + 114204*x + 10620972

case: 
-( -	+x^	+7* x	^ +0 *x^8+ -7*exp ( x^3	)^	+0 - -exp	( 95)	^	1	*exp ( 2)*	-714)^ +2	*x* x	-	+351 *4 *	x^ 0 + ( - -	exp(636)^ 0- +-1 *(+ x++ x	)^	+1 *exp( x^	+4)^ +0-	++2)^	1 *x ^4
expect: 
-x**32 - 1428*x**17*exp(97) - 14*x**17 + 2*x**5 - x**4 - 509796*x**2*exp(194) - 9996*x**2*exp(97) - 49*x**2 - 1404
java_exp: 
-x**32 - 1428*x**17*exp(97) - 14*x**17 + 2*x**5 - x**4 - 509796*x**2*exp(194) - 10045*x**2 - 1404
jar_out: 
2*x^5*exp((0))+x^4*exp((0))-2*x^4-1404-10045*x^2*exp((0))-14*x^17*exp((0))-x^32-1428*x^17*exp((97))-509796*x^2*exp((194))

expect_out: 
-x^32 - 1428*x^17*exp(97) - 14*x^17 + 2*x^5 - x^4 - 509796*x^2*exp(194) - 9996*x^2*exp(97) - 49*x^2 - 1404

